<?xml version="1.0" encoding="UTF-8"?>
<!-- Generated by org.testng.reporters.JUnitXMLReporter -->
<testsuite hostname="L-MAA-25005253" name="Default test" tests="4" failures="0" timestamp="11 Nov 2017 08:16:03 GMT" time="2.025" errors="0">
  <testcase name="test" time="1.02" classname="com.googlesearch.TimeOutChecker"/>
  <testcase name="test" time="1.02" classname="com.googlesearch.TimeOutChecker"/>
  <testcase name="test" time="0.947" classname="com.googlesearch.TimeOutChecker"/>
  <testcase name="test" time="0.961" classname="com.googlesearch.TimeOutChecker"/>
</testsuite> <!-- Default test -->
