<?xml version="1.0" encoding="UTF-8"?>
<!-- Generated by org.testng.reporters.JUnitXMLReporter -->
<testsuite hostname="L-MAA-25005253" name="DockerDemo" tests="6" failures="0" timestamp="18 Sep 2017 07:07:02 GMT" time="144.157" errors="0">
  <testcase name="enterGoogleSearchTextChrome" time="23.252" classname="com.paypaldocker.DockerHandsOn"/>
  <testcase name="enterGoogleSearchTextFF" time="25.56" classname="com.paypaldocker.DockerHandsOn"/>
  <testcase name="enterGoogleSearchTextChrome" time="56.017" classname="com.paypaldocker.DockerHandsOn"/>
  <testcase name="enterGoogleSearchTextFF" time="58.652" classname="com.paypaldocker.DockerHandsOn"/>
  <testcase name="enterGoogleSearchTextChrome" time="61.397" classname="com.paypaldocker.DockerHandsOn"/>
  <testcase name="enterGoogleSearchTextFF" time="59.923" classname="com.paypaldocker.DockerHandsOn"/>
</testsuite> <!-- DockerDemo -->
