<?xml version="1.0" encoding="UTF-8"?>
<testng-results skipped="0" failed="0" total="4" passed="4">
  <reporter-output>
  </reporter-output>
  <suite name="Default suite" duration-ms="2025" started-at="2017-11-11T08:16:01Z" finished-at="2017-11-11T08:16:03Z">
    <groups>
    </groups>
    <test name="Default test" duration-ms="2025" started-at="2017-11-11T08:16:01Z" finished-at="2017-11-11T08:16:03Z">
      <class name="com.googlesearch.TimeOutChecker">
        <test-method status="PASS" signature="test()[pri:0, instance:com.googlesearch.TimeOutChecker@457e2f02]" name="test" duration-ms="1020" started-at="2017-11-11T13:46:01Z" finished-at="2017-11-11T13:46:02Z">
          <reporter-output>
          </reporter-output>
        </test-method> <!-- test -->
        <test-method status="PASS" signature="test()[pri:0, instance:com.googlesearch.TimeOutChecker@457e2f02]" name="test" duration-ms="1020" started-at="2017-11-11T13:46:01Z" finished-at="2017-11-11T13:46:02Z">
          <reporter-output>
          </reporter-output>
        </test-method> <!-- test -->
        <test-method status="PASS" signature="test()[pri:0, instance:com.googlesearch.TimeOutChecker@457e2f02]" name="test" duration-ms="961" started-at="2017-11-11T13:46:02Z" finished-at="2017-11-11T13:46:03Z">
          <reporter-output>
          </reporter-output>
        </test-method> <!-- test -->
        <test-method status="PASS" signature="test()[pri:0, instance:com.googlesearch.TimeOutChecker@457e2f02]" name="test" duration-ms="947" started-at="2017-11-11T13:46:02Z" finished-at="2017-11-11T13:46:03Z">
          <reporter-output>
          </reporter-output>
        </test-method> <!-- test -->
      </class> <!-- com.googlesearch.TimeOutChecker -->
    </test> <!-- Default test -->
  </suite> <!-- Default suite -->
</testng-results>
